<?xml version="1.0" encoding="UTF-8"?>
<!-- Generated by org.testng.reporters.JUnitReportReporter -->
<testsuite hostname="RajKawale7" failures="0" tests="1" name="com.selenium.testing.FindElements" time="104.310" errors="0" timestamp="2022-09-12T22:44:57 IST" skipped="0">
  <testcase classname="com.selenium.testing.FindElements" name="findLinks" time="104.310"/>
  <system-out/>
</testsuite> <!-- com.selenium.testing.FindElements -->
