<?xml version="1.0" encoding="UTF-8"?>
<!-- Generated by org.testng.reporters.JUnitReportReporter -->
<testsuite hostname="RajKawale7" failures="0" tests="1" name="com.selenium.testing.WebTable" time="2.971" errors="0" timestamp="2022-09-13T00:09:24 IST" skipped="0">
  <testcase classname="com.selenium.testing.WebTable" name="fetchWebTable" time="2.971"/>
  <system-out/>
</testsuite> <!-- com.selenium.testing.WebTable -->
